{"/home/runner/work/Simulation/Simulation/src/app.controller.ts": {"path":"/home/runner/work/Simulation/Simulation/src/app.controller.ts","statementMap":{"0":{"start":{"line":1,"column":0},"end":{"line":1,"column":49}},"1":{"start":{"line":2,"column":0},"end":{"line":2,"column":43}},"2":{"start":{"line":5,"column":0},"end":{"line":12,"column":null}},"3":{"start":{"line":6,"column":31},"end":{"line":6,"column":43}},"4":{"start":{"line":10,"column":4},"end":{"line":10,"column":38}},"5":{"start":{"line":9,"column":2},"end":{"line":11,"column":null}},"6":{"start":{"line":5,"column":13},"end":{"line":12,"column":null}},"7":{"start":{"line":5,"column":13},"end":{"line":5,"column":26}}},"fnMap":{"0":{"name":"(anonymous_2)","decl":{"start":{"line":6,"column":2},"end":{"line":6,"column":31}},"loc":{"start":{"line":6,"column":53},"end":{"line":6,"column":57}}},"1":{"name":"(anonymous_3)","decl":{"start":{"line":9,"column":2},"end":{"line":9,"column":10}},"loc":{"start":{"line":9,"column":10},"end":{"line":11,"column":3}}}},"branchMap":{},"s":{"0":1,"1":1,"2":1,"3":1,"4":1,"5":1,"6":1,"7":1},"f":{"0":1,"1":1},"b":{}}
,"/home/runner/work/Simulation/Simulation/src/app.module.ts": {"path":"/home/runner/work/Simulation/Simulation/src/app.module.ts","statementMap":{"0":{"start":{"line":1,"column":0},"end":{"line":1,"column":40}},"1":{"start":{"line":2,"column":0},"end":{"line":2,"column":49}},"2":{"start":{"line":3,"column":0},"end":{"line":3,"column":43}},"3":{"start":{"line":5,"column":0},"end":{"line":5,"column":50}},"4":{"start":{"line":6,"column":0},"end":{"line":6,"column":62}},"5":{"start":{"line":7,"column":0},"end":{"line":7,"column":51}},"6":{"start":{"line":8,"column":0},"end":{"line":8,"column":46}},"7":{"start":{"line":9,"column":0},"end":{"line":9,"column":48}},"8":{"start":{"line":10,"column":0},"end":{"line":10,"column":54}},"9":{"start":{"line":23,"column":0},"end":{"line":23,"column":null}},"10":{"start":{"line":23,"column":13},"end":{"line":23,"column":null}},"11":{"start":{"line":23,"column":13},"end":{"line":23,"column":22}}},"fnMap":{},"branchMap":{},"s":{"0":0,"1":0,"2":0,"3":0,"4":0,"5":0,"6":0,"7":0,"8":0,"9":0,"10":0,"11":0},"f":{},"b":{}}
,"/home/runner/work/Simulation/Simulation/src/app.service.ts": {"path":"/home/runner/work/Simulation/Simulation/src/app.service.ts","statementMap":{"0":{"start":{"line":1,"column":0},"end":{"line":1,"column":44}},"1":{"start":{"line":4,"column":0},"end":{"line":8,"column":null}},"2":{"start":{"line":6,"column":4},"end":{"line":6,"column":26}},"3":{"start":{"line":4,"column":13},"end":{"line":8,"column":null}},"4":{"start":{"line":4,"column":13},"end":{"line":4,"column":23}}},"fnMap":{"0":{"name":"(anonymous_1)","decl":{"start":{"line":5,"column":2},"end":{"line":5,"column":10}},"loc":{"start":{"line":5,"column":10},"end":{"line":7,"column":3}}}},"branchMap":{},"s":{"0":1,"1":1,"2":1,"3":1,"4":1},"f":{"0":1},"b":{}}
,"/home/runner/work/Simulation/Simulation/src/main.ts": {"path":"/home/runner/work/Simulation/Simulation/src/main.ts","statementMap":{"0":{"start":{"line":1,"column":0},"end":{"line":1,"column":43}},"1":{"start":{"line":2,"column":0},"end":{"line":2,"column":41}},"2":{"start":{"line":5,"column":14},"end":{"line":5,"column":49}},"3":{"start":{"line":6,"column":2},"end":{"line":6,"column":28}},"4":{"start":{"line":7,"column":2},"end":{"line":7,"column":19}},"5":{"start":{"line":8,"column":2},"end":{"line":8,"column":25}},"6":{"start":{"line":10,"column":0},"end":{"line":10,"column":12}}},"fnMap":{"0":{"name":"bootstrap","decl":{"start":{"line":4,"column":15},"end":{"line":4,"column":24}},"loc":{"start":{"line":4,"column":24},"end":{"line":9,"column":1}}}},"branchMap":{},"s":{"0":0,"1":0,"2":0,"3":0,"4":0,"5":0,"6":0},"f":{"0":0},"b":{}}
,"/home/runner/work/Simulation/Simulation/src/agent/agent.module.ts": {"path":"/home/runner/work/Simulation/Simulation/src/agent/agent.module.ts","statementMap":{"0":{"start":{"line":1,"column":0},"end":{"line":1,"column":40}},"1":{"start":{"line":3,"column":0},"end":{"line":3,"column":56}},"2":{"start":{"line":4,"column":0},"end":{"line":4,"column":56}},"3":{"start":{"line":5,"column":0},"end":{"line":5,"column":55}},"4":{"start":{"line":11,"column":0},"end":{"line":11,"column":null}},"5":{"start":{"line":11,"column":13},"end":{"line":11,"column":null}},"6":{"start":{"line":11,"column":13},"end":{"line":11,"column":24}}},"fnMap":{},"branchMap":{},"s":{"0":0,"1":0,"2":0,"3":0,"4":0,"5":0,"6":0},"f":{},"b":{}}
,"/home/runner/work/Simulation/Simulation/src/agent/brains/cycle.brain.ts": {"path":"/home/runner/work/Simulation/Simulation/src/agent/brains/cycle.brain.ts","statementMap":{"0":{"start":{"line":1,"column":0},"end":{"line":1,"column":40}},"1":{"start":{"line":2,"column":0},"end":{"line":2,"column":43}},"2":{"start":{"line":5,"column":0},"end":{"line":5,"column":null}},"3":{"start":{"line":11,"column":0},"end":{"line":11,"column":46}},"4":{"start":{"line":13,"column":14},"end":{"line":18,"column":4}},"5":{"start":{"line":14,"column":2},"end":{"line":18,"column":4}},"6":{"start":{"line":15,"column":4},"end":{"line":17,"column":13}},"7":{"start":{"line":16,"column":6},"end":{"line":16,"column":20}},"8":{"start":{"line":24,"column":10},"end":{"line":24,"column":24}},"9":{"start":{"line":27,"column":10},"end":{"line":27,"column":32}},"10":{"start":{"line":30,"column":4},"end":{"line":30,"column":23}},"11":{"start":{"line":34,"column":4},"end":{"line":34,"column":39}},"12":{"start":{"line":38,"column":4},"end":{"line":38,"column":22}},"13":{"start":{"line":39,"column":4},"end":{"line":60,"column":9}},"14":{"start":{"line":40,"column":28},"end":{"line":40,"column":38}},"15":{"start":{"line":42,"column":8},"end":{"line":44,"column":10}},"16":{"start":{"line":46,"column":39},"end":{"line":51,"column":10}},"17":{"start":{"line":52,"column":8},"end":{"line":52,"column":45}},"18":{"start":{"line":54,"column":8},"end":{"line":54,"column":26}},"19":{"start":{"line":56,"column":23},"end":{"line":56,"column":60}},"20":{"start":{"line":57,"column":8},"end":{"line":57,"column":49}},"21":{"start":{"line":59,"column":8},"end":{"line":59,"column":26}},"22":{"start":{"line":64,"column":4},"end":{"line":64,"column":23}},"23":{"start":{"line":68,"column":4},"end":{"line":68,"column":22}},"24":{"start":{"line":23,"column":0},"end":{"line":23,"column":13}}},"fnMap":{"0":{"name":"(anonymous_0)","decl":{"start":{"line":13,"column":14},"end":{"line":13,"column":15}},"loc":{"start":{"line":14,"column":2},"end":{"line":18,"column":4}}},"1":{"name":"(anonymous_1)","decl":{"start":{"line":14,"column":14},"end":{"line":14,"column":15}},"loc":{"start":{"line":14,"column":26},"end":{"line":18,"column":3}}},"2":{"name":"(anonymous_2)","decl":{"start":{"line":15,"column":15},"end":{"line":15,"column":18}},"loc":{"start":{"line":15,"column":20},"end":{"line":17,"column":5}}},"3":{"name":"(anonymous_3)","decl":{"start":{"line":23,"column":0},"end":{"line":23,"column":13}},"loc":{"start":{"line":23,"column":0},"end":{"line":70,"column":1}}},"4":{"name":"(anonymous_4)","decl":{"start":{"line":29,"column":2},"end":{"line":29,"column":13}},"loc":{"start":{"line":29,"column":36},"end":{"line":31,"column":3}}},"5":{"name":"(anonymous_5)","decl":{"start":{"line":33,"column":2},"end":{"line":33,"column":14}},"loc":{"start":{"line":33,"column":53},"end":{"line":35,"column":3}}},"6":{"name":"(anonymous_6)","decl":{"start":{"line":37,"column":2},"end":{"line":37,"column":9}},"loc":{"start":{"line":37,"column":9},"end":{"line":61,"column":3}}},"7":{"name":"(anonymous_7)","decl":{"start":{"line":40,"column":22},"end":{"line":40,"column":25}},"loc":{"start":{"line":40,"column":28},"end":{"line":40,"column":38}}},"8":{"name":"(anonymous_8)","decl":{"start":{"line":41,"column":17},"end":{"line":41,"column":22}},"loc":{"start":{"line":41,"column":28},"end":{"line":60,"column":7}}},"9":{"name":"(anonymous_9)","decl":{"start":{"line":63,"column":2},"end":{"line":63,"column":6}},"loc":{"start":{"line":63,"column":6},"end":{"line":65,"column":3}}},"10":{"name":"(anonymous_10)","decl":{"start":{"line":67,"column":2},"end":{"line":67,"column":9}},"loc":{"start":{"line":67,"column":9},"end":{"line":69,"column":3}}}},"branchMap":{},"s":{"0":2,"1":2,"2":2,"3":2,"4":2,"5":0,"6":0,"7":0,"8":0,"9":0,"10":0,"11":0,"12":0,"13":0,"14":0,"15":0,"16":0,"17":0,"18":0,"19":0,"20":0,"21":0,"22":0,"23":0,"24":2},"f":{"0":0,"1":0,"2":0,"3":0,"4":0,"5":0,"6":0,"7":0,"8":0,"9":0,"10":0},"b":{}}
,"/home/runner/work/Simulation/Simulation/src/agent/brains/random.brain.ts": {"path":"/home/runner/work/Simulation/Simulation/src/agent/brains/random.brain.ts","statementMap":{"0":{"start":{"line":1,"column":0},"end":{"line":1,"column":55}},"1":{"start":{"line":3,"column":0},"end":{"line":3,"column":43}},"2":{"start":{"line":6,"column":0},"end":{"line":6,"column":71}},"3":{"start":{"line":8,"column":0},"end":{"line":8,"column":46}},"4":{"start":{"line":14,"column":10},"end":{"line":14,"column":24}},"5":{"start":{"line":17,"column":10},"end":{"line":17,"column":32}},"6":{"start":{"line":20,"column":4},"end":{"line":20,"column":23}},"7":{"start":{"line":24,"column":4},"end":{"line":24,"column":39}},"8":{"start":{"line":28,"column":4},"end":{"line":28,"column":22}},"9":{"start":{"line":29,"column":4},"end":{"line":41,"column":9}},"10":{"start":{"line":30,"column":28},"end":{"line":30,"column":38}},"11":{"start":{"line":32,"column":8},"end":{"line":34,"column":10}},"12":{"start":{"line":35,"column":8},"end":{"line":40,"column":11}},"13":{"start":{"line":45,"column":4},"end":{"line":45,"column":23}},"14":{"start":{"line":49,"column":4},"end":{"line":49,"column":22}},"15":{"start":{"line":13,"column":0},"end":{"line":13,"column":13}}},"fnMap":{"0":{"name":"(anonymous_0)","decl":{"start":{"line":13,"column":0},"end":{"line":13,"column":13}},"loc":{"start":{"line":13,"column":0},"end":{"line":51,"column":1}}},"1":{"name":"(anonymous_1)","decl":{"start":{"line":19,"column":2},"end":{"line":19,"column":13}},"loc":{"start":{"line":19,"column":36},"end":{"line":21,"column":3}}},"2":{"name":"(anonymous_2)","decl":{"start":{"line":23,"column":2},"end":{"line":23,"column":14}},"loc":{"start":{"line":23,"column":53},"end":{"line":25,"column":3}}},"3":{"name":"(anonymous_3)","decl":{"start":{"line":27,"column":2},"end":{"line":27,"column":9}},"loc":{"start":{"line":27,"column":9},"end":{"line":42,"column":3}}},"4":{"name":"(anonymous_4)","decl":{"start":{"line":30,"column":22},"end":{"line":30,"column":25}},"loc":{"start":{"line":30,"column":28},"end":{"line":30,"column":38}}},"5":{"name":"(anonymous_5)","decl":{"start":{"line":31,"column":17},"end":{"line":31,"column":20}},"loc":{"start":{"line":31,"column":22},"end":{"line":41,"column":7}}},"6":{"name":"(anonymous_6)","decl":{"start":{"line":44,"column":2},"end":{"line":44,"column":6}},"loc":{"start":{"line":44,"column":6},"end":{"line":46,"column":3}}},"7":{"name":"(anonymous_7)","decl":{"start":{"line":48,"column":2},"end":{"line":48,"column":9}},"loc":{"start":{"line":48,"column":9},"end":{"line":50,"column":3}}}},"branchMap":{"0":{"loc":{"start":{"line":38,"column":36},"end":{"line":38,"column":49}},"type":"cond-expr","locations":[{"start":{"line":38,"column":36},"end":{"line":38,"column":49}},{"start":{"line":38,"column":52},"end":{"line":38,"column":66}}]}},"s":{"0":2,"1":2,"2":2,"3":2,"4":1,"5":1,"6":1,"7":1,"8":1,"9":1,"10":0,"11":0,"12":0,"13":0,"14":0,"15":2},"f":{"0":1,"1":1,"2":1,"3":1,"4":0,"5":0,"6":0,"7":0},"b":{"0":[0,0]}}
,"/home/runner/work/Simulation/Simulation/src/agent/models/agent.model.ts": {"path":"/home/runner/work/Simulation/Simulation/src/agent/models/agent.model.ts","statementMap":{"0":{"start":{"line":1,"column":0},"end":{"line":1,"column":26}},"1":{"start":{"line":5,"column":2},"end":{"line":5,"column":12}},"2":{"start":{"line":4,"column":0},"end":{"line":4,"column":13}}},"fnMap":{"0":{"name":"(anonymous_0)","decl":{"start":{"line":4,"column":0},"end":{"line":4,"column":13}},"loc":{"start":{"line":4,"column":0},"end":{"line":8,"column":1}}}},"branchMap":{},"s":{"0":2,"1":3,"2":2},"f":{"0":3},"b":{}}
,"/home/runner/work/Simulation/Simulation/src/agent/models/brain.model.ts": {"path":"/home/runner/work/Simulation/Simulation/src/agent/models/brain.model.ts","statementMap":{"0":{"start":{"line":10,"column":2},"end":{"line":10,"column":31}},"1":{"start":{"line":6,"column":0},"end":{"line":6,"column":22}}},"fnMap":{"0":{"name":"(anonymous_0)","decl":{"start":{"line":6,"column":0},"end":{"line":6,"column":22}},"loc":{"start":{"line":6,"column":0},"end":{"line":41,"column":1}}}},"branchMap":{},"s":{"0":1,"1":2},"f":{"0":1},"b":{}}
,"/home/runner/work/Simulation/Simulation/src/agent/services/agent.service.ts": {"path":"/home/runner/work/Simulation/Simulation/src/agent/services/agent.service.ts","statementMap":{"0":{"start":{"line":1,"column":0},"end":{"line":1,"column":44}},"1":{"start":{"line":2,"column":0},"end":{"line":2,"column":39}},"2":{"start":{"line":3,"column":0},"end":{"line":3,"column":46}},"3":{"start":{"line":4,"column":0},"end":{"line":4,"column":47}},"4":{"start":{"line":7,"column":0},"end":{"line":30,"column":null}},"5":{"start":{"line":10,"column":31},"end":{"line":10,"column":45}},"6":{"start":{"line":8,"column":19},"end":{"line":8,"column":62}},"7":{"start":{"line":13,"column":4},"end":{"line":13,"column":39}},"8":{"start":{"line":17,"column":4},"end":{"line":17,"column":35}},"9":{"start":{"line":21,"column":26},"end":{"line":21,"column":49}},"10":{"start":{"line":22,"column":4},"end":{"line":22,"column":49}},"11":{"start":{"line":26,"column":18},"end":{"line":26,"column":29}},"12":{"start":{"line":27,"column":4},"end":{"line":27,"column":69}},"13":{"start":{"line":28,"column":4},"end":{"line":28,"column":17}},"14":{"start":{"line":7,"column":13},"end":{"line":30,"column":null}},"15":{"start":{"line":7,"column":13},"end":{"line":7,"column":25}}},"fnMap":{"0":{"name":"(anonymous_2)","decl":{"start":{"line":10,"column":2},"end":{"line":10,"column":31}},"loc":{"start":{"line":10,"column":57},"end":{"line":10,"column":61}}},"1":{"name":"(anonymous_3)","decl":{"start":{"line":12,"column":2},"end":{"line":12,"column":6}},"loc":{"start":{"line":12,"column":29},"end":{"line":14,"column":3}}},"2":{"name":"(anonymous_4)","decl":{"start":{"line":16,"column":2},"end":{"line":16,"column":6}},"loc":{"start":{"line":16,"column":19},"end":{"line":18,"column":3}}},"3":{"name":"(anonymous_5)","decl":{"start":{"line":20,"column":2},"end":{"line":20,"column":18}},"loc":{"start":{"line":20,"column":41},"end":{"line":23,"column":3}}},"4":{"name":"(anonymous_6)","decl":{"start":{"line":25,"column":2},"end":{"line":25,"column":7}},"loc":{"start":{"line":25,"column":49},"end":{"line":29,"column":3}}}},"branchMap":{},"s":{"0":1,"1":1,"2":1,"3":1,"4":1,"5":3,"6":3,"7":0,"8":1,"9":1,"10":1,"11":1,"12":1,"13":1,"14":1,"15":1},"f":{"0":3,"1":0,"2":1,"3":1,"4":1},"b":{}}
,"/home/runner/work/Simulation/Simulation/src/agent/services/brain.service.ts": {"path":"/home/runner/work/Simulation/Simulation/src/agent/services/brain.service.ts","statementMap":{"0":{"start":{"line":1,"column":0},"end":{"line":1,"column":44}},"1":{"start":{"line":3,"column":0},"end":{"line":3,"column":60}},"2":{"start":{"line":5,"column":0},"end":{"line":5,"column":53}},"3":{"start":{"line":7,"column":0},"end":{"line":7,"column":51}},"4":{"start":{"line":12,"column":0},"end":{"line":32,"column":null}},"5":{"start":{"line":15,"column":31},"end":{"line":15,"column":46}},"6":{"start":{"line":13,"column":10},"end":{"line":13,"column":67}},"7":{"start":{"line":16,"column":4},"end":{"line":16,"column":53}},"8":{"start":{"line":17,"column":4},"end":{"line":17,"column":51}},"9":{"start":{"line":21,"column":16},"end":{"line":21,"column":47}},"10":{"start":{"line":22,"column":26},"end":{"line":22,"column":35}},"11":{"start":{"line":23,"column":4},"end":{"line":23,"column":43}},"12":{"start":{"line":24,"column":4},"end":{"line":24,"column":57}},"13":{"start":{"line":25,"column":4},"end":{"line":25,"column":34}},"14":{"start":{"line":26,"column":4},"end":{"line":26,"column":25}},"15":{"start":{"line":30,"column":4},"end":{"line":30,"column":40}},"16":{"start":{"line":12,"column":13},"end":{"line":32,"column":null}},"17":{"start":{"line":12,"column":13},"end":{"line":12,"column":25}}},"fnMap":{"0":{"name":"(anonymous_2)","decl":{"start":{"line":15,"column":2},"end":{"line":15,"column":31}},"loc":{"start":{"line":15,"column":59},"end":{"line":18,"column":3}}},"1":{"name":"(anonymous_3)","decl":{"start":{"line":20,"column":2},"end":{"line":20,"column":7}},"loc":{"start":{"line":20,"column":47},"end":{"line":27,"column":3}}},"2":{"name":"(anonymous_4)","decl":{"start":{"line":29,"column":2},"end":{"line":29,"column":20}},"loc":{"start":{"line":29,"column":20},"end":{"line":31,"column":3}}}},"branchMap":{},"s":{"0":2,"1":2,"2":2,"3":2,"4":2,"5":2,"6":2,"7":2,"8":2,"9":1,"10":1,"11":1,"12":1,"13":1,"14":1,"15":0,"16":2,"17":2},"f":{"0":2,"1":1,"2":0},"b":{}}
,"/home/runner/work/Simulation/Simulation/src/baseline/baseline.service.ts": {"path":"/home/runner/work/Simulation/Simulation/src/baseline/baseline.service.ts","statementMap":{"0":{"start":{"line":1,"column":0},"end":{"line":1,"column":52}},"1":{"start":{"line":2,"column":0},"end":{"line":2,"column":56}},"2":{"start":{"line":5,"column":28},"end":{"line":68,"column":null}},"3":{"start":{"line":6,"column":19},"end":{"line":6,"column":61}},"4":{"start":{"line":14,"column":10},"end":{"line":14,"column":20}},"5":{"start":{"line":15,"column":10},"end":{"line":15,"column":22}},"6":{"start":{"line":24,"column":16},"end":{"line":24,"column":17}},"7":{"start":{"line":25,"column":4},"end":{"line":37,"column":null}},"8":{"start":{"line":26,"column":6},"end":{"line":26,"column":33}},"9":{"start":{"line":27,"column":6},"end":{"line":27,"column":33}},"10":{"start":{"line":28,"column":6},"end":{"line":28,"column":53}},"11":{"start":{"line":29,"column":6},"end":{"line":34,"column":null}},"12":{"start":{"line":30,"column":8},"end":{"line":30,"column":63}},"13":{"start":{"line":31,"column":8},"end":{"line":31,"column":34}},"14":{"start":{"line":33,"column":8},"end":{"line":33,"column":34}},"15":{"start":{"line":36,"column":6},"end":{"line":36,"column":32}},"16":{"start":{"line":39,"column":4},"end":{"line":47,"column":null}},"17":{"start":{"line":40,"column":6},"end":{"line":40,"column":27}},"18":{"start":{"line":41,"column":6},"end":{"line":41,"column":45}},"19":{"start":{"line":42,"column":6},"end":{"line":45,"column":9}},"20":{"start":{"line":43,"column":8},"end":{"line":43,"column":36}},"21":{"start":{"line":44,"column":8},"end":{"line":44,"column":32}},"22":{"start":{"line":46,"column":6},"end":{"line":46,"column":42}},"23":{"start":{"line":48,"column":4},"end":{"line":48,"column":15}},"24":{"start":{"line":52,"column":17},"end":{"line":52,"column":18}},"25":{"start":{"line":53,"column":18},"end":{"line":53,"column":21}},"26":{"start":{"line":55,"column":4},"end":{"line":59,"column":null}},"27":{"start":{"line":56,"column":6},"end":{"line":56,"column":46}},"28":{"start":{"line":57,"column":11},"end":{"line":59,"column":null}},"29":{"start":{"line":58,"column":6},"end":{"line":58,"column":44}},"30":{"start":{"line":61,"column":4},"end":{"line":61,"column":28}},"31":{"start":{"line":65,"column":4},"end":{"line":65,"column":51}},"32":{"start":{"line":66,"column":4},"end":{"line":66,"column":26}},"33":{"start":{"line":19,"column":2},"end":{"line":21,"column":null}},"34":{"start":{"line":5,"column":13},"end":{"line":68,"column":null}},"35":{"start":{"line":5,"column":13},"end":{"line":5,"column":28}}},"fnMap":{"0":{"name":"(anonymous_2)","decl":{"start":{"line":5,"column":0},"end":{"line":5,"column":13}},"loc":{"start":{"line":5,"column":0},"end":{"line":68,"column":1}}},"1":{"name":"(anonymous_3)","decl":{"start":{"line":19,"column":2},"end":{"line":19,"column":15}},"loc":{"start":{"line":19,"column":15},"end":{"line":21,"column":3}}},"2":{"name":"(anonymous_4)","decl":{"start":{"line":23,"column":2},"end":{"line":23,"column":11}},"loc":{"start":{"line":23,"column":23},"end":{"line":49,"column":3}}},"3":{"name":"(anonymous_5)","decl":{"start":{"line":42,"column":22},"end":{"line":42,"column":23}},"loc":{"start":{"line":42,"column":32},"end":{"line":45,"column":7}}},"4":{"name":"(anonymous_6)","decl":{"start":{"line":51,"column":2},"end":{"line":51,"column":14}},"loc":{"start":{"line":51,"column":29},"end":{"line":62,"column":3}}},"5":{"name":"(anonymous_7)","decl":{"start":{"line":64,"column":2},"end":{"line":64,"column":19}},"loc":{"start":{"line":64,"column":19},"end":{"line":67,"column":3}}}},"branchMap":{"0":{"loc":{"start":{"line":25,"column":4},"end":{"line":37,"column":null}},"type":"if","locations":[{"start":{"line":25,"column":4},"end":{"line":37,"column":null}},{"start":{"line":25,"column":4},"end":{"line":37,"column":null}}]},"1":{"loc":{"start":{"line":29,"column":6},"end":{"line":34,"column":null}},"type":"if","locations":[{"start":{"line":29,"column":6},"end":{"line":34,"column":null}},{"start":{"line":29,"column":6},"end":{"line":34,"column":null}}]},"2":{"loc":{"start":{"line":39,"column":4},"end":{"line":47,"column":null}},"type":"if","locations":[{"start":{"line":39,"column":4},"end":{"line":47,"column":null}},{"start":{"line":39,"column":4},"end":{"line":47,"column":null}}]},"3":{"loc":{"start":{"line":55,"column":4},"end":{"line":59,"column":null}},"type":"if","locations":[{"start":{"line":55,"column":4},"end":{"line":59,"column":null}},{"start":{"line":55,"column":4},"end":{"line":59,"column":null}}]},"4":{"loc":{"start":{"line":55,"column":8},"end":{"line":55,"column":17}},"type":"binary-expr","locations":[{"start":{"line":55,"column":8},"end":{"line":55,"column":17}},{"start":{"line":55,"column":21},"end":{"line":55,"column":33}}]},"5":{"loc":{"start":{"line":57,"column":11},"end":{"line":59,"column":null}},"type":"if","locations":[{"start":{"line":57,"column":11},"end":{"line":59,"column":null}},{"start":{"line":57,"column":11},"end":{"line":59,"column":null}}]}},"s":{"0":4,"1":4,"2":4,"3":5,"4":5,"5":5,"6":0,"7":0,"8":0,"9":0,"10":0,"11":0,"12":0,"13":0,"14":0,"15":0,"16":0,"17":0,"18":0,"19":0,"20":0,"21":0,"22":0,"23":0,"24":0,"25":0,"26":0,"27":0,"28":0,"29":0,"30":0,"31":0,"32":0,"33":4,"34":4,"35":4},"f":{"0":5,"1":0,"2":0,"3":0,"4":0,"5":0},"b":{"0":[0,0],"1":[0,0],"2":[0,0],"3":[0,0],"4":[0,0],"5":[0,0]}}
,"/home/runner/work/Simulation/Simulation/src/baseline/data.class.ts": {"path":"/home/runner/work/Simulation/Simulation/src/baseline/data.class.ts","statementMap":{"0":{"start":{"line":8,"column":2},"end":{"line":8,"column":12}},"1":{"start":{"line":9,"column":2},"end":{"line":9,"column":14}},"2":{"start":{"line":13,"column":16},"end":{"line":13,"column":17}},"3":{"start":{"line":14,"column":4},"end":{"line":26,"column":null}},"4":{"start":{"line":15,"column":6},"end":{"line":15,"column":33}},"5":{"start":{"line":16,"column":6},"end":{"line":16,"column":33}},"6":{"start":{"line":17,"column":6},"end":{"line":17,"column":53}},"7":{"start":{"line":18,"column":6},"end":{"line":23,"column":null}},"8":{"start":{"line":19,"column":8},"end":{"line":19,"column":63}},"9":{"start":{"line":20,"column":8},"end":{"line":20,"column":34}},"10":{"start":{"line":22,"column":8},"end":{"line":22,"column":34}},"11":{"start":{"line":25,"column":6},"end":{"line":25,"column":32}},"12":{"start":{"line":28,"column":4},"end":{"line":36,"column":null}},"13":{"start":{"line":29,"column":6},"end":{"line":29,"column":27}},"14":{"start":{"line":30,"column":6},"end":{"line":30,"column":45}},"15":{"start":{"line":31,"column":6},"end":{"line":34,"column":9}},"16":{"start":{"line":32,"column":8},"end":{"line":32,"column":36}},"17":{"start":{"line":33,"column":8},"end":{"line":33,"column":32}},"18":{"start":{"line":35,"column":6},"end":{"line":35,"column":42}},"19":{"start":{"line":37,"column":4},"end":{"line":37,"column":15}},"20":{"start":{"line":41,"column":17},"end":{"line":41,"column":18}},"21":{"start":{"line":42,"column":18},"end":{"line":42,"column":21}},"22":{"start":{"line":44,"column":4},"end":{"line":48,"column":null}},"23":{"start":{"line":45,"column":6},"end":{"line":45,"column":46}},"24":{"start":{"line":46,"column":11},"end":{"line":48,"column":null}},"25":{"start":{"line":47,"column":6},"end":{"line":47,"column":44}},"26":{"start":{"line":50,"column":4},"end":{"line":50,"column":28}},"27":{"start":{"line":54,"column":4},"end":{"line":54,"column":51}},"28":{"start":{"line":55,"column":4},"end":{"line":55,"column":26}}},"fnMap":{"0":{"name":"(anonymous_0)","decl":{"start":{"line":1,"column":0},"end":{"line":1,"column":6}},"loc":{"start":{"line":1,"column":0},"end":{"line":57,"column":1}}},"1":{"name":"(anonymous_1)","decl":{"start":{"line":12,"column":2},"end":{"line":12,"column":11}},"loc":{"start":{"line":12,"column":13},"end":{"line":38,"column":3}}},"2":{"name":"(anonymous_2)","decl":{"start":{"line":31,"column":22},"end":{"line":31,"column":23}},"loc":{"start":{"line":31,"column":32},"end":{"line":34,"column":7}}},"3":{"name":"(anonymous_3)","decl":{"start":{"line":40,"column":2},"end":{"line":40,"column":14}},"loc":{"start":{"line":40,"column":21},"end":{"line":51,"column":3}}},"4":{"name":"(anonymous_4)","decl":{"start":{"line":53,"column":2},"end":{"line":53,"column":19}},"loc":{"start":{"line":53,"column":19},"end":{"line":56,"column":3}}}},"branchMap":{"0":{"loc":{"start":{"line":14,"column":4},"end":{"line":26,"column":null}},"type":"if","locations":[{"start":{"line":14,"column":4},"end":{"line":26,"column":null}},{"start":{"line":14,"column":4},"end":{"line":26,"column":null}}]},"1":{"loc":{"start":{"line":18,"column":6},"end":{"line":23,"column":null}},"type":"if","locations":[{"start":{"line":18,"column":6},"end":{"line":23,"column":null}},{"start":{"line":18,"column":6},"end":{"line":23,"column":null}}]},"2":{"loc":{"start":{"line":28,"column":4},"end":{"line":36,"column":null}},"type":"if","locations":[{"start":{"line":28,"column":4},"end":{"line":36,"column":null}},{"start":{"line":28,"column":4},"end":{"line":36,"column":null}}]},"3":{"loc":{"start":{"line":44,"column":4},"end":{"line":48,"column":null}},"type":"if","locations":[{"start":{"line":44,"column":4},"end":{"line":48,"column":null}},{"start":{"line":44,"column":4},"end":{"line":48,"column":null}}]},"4":{"loc":{"start":{"line":44,"column":8},"end":{"line":44,"column":17}},"type":"binary-expr","locations":[{"start":{"line":44,"column":8},"end":{"line":44,"column":17}},{"start":{"line":44,"column":21},"end":{"line":44,"column":33}}]},"5":{"loc":{"start":{"line":46,"column":11},"end":{"line":48,"column":null}},"type":"if","locations":[{"start":{"line":46,"column":11},"end":{"line":48,"column":null}},{"start":{"line":46,"column":11},"end":{"line":48,"column":null}}]}},"s":{"0":0,"1":0,"2":0,"3":0,"4":0,"5":0,"6":0,"7":0,"8":0,"9":0,"10":0,"11":0,"12":0,"13":0,"14":0,"15":0,"16":0,"17":0,"18":0,"19":0,"20":0,"21":0,"22":0,"23":0,"24":0,"25":0,"26":0,"27":0,"28":0},"f":{"0":0,"1":0,"2":0,"3":0,"4":0},"b":{"0":[0,0],"1":[0,0],"2":[0,0],"3":[0,0],"4":[0,0],"5":[0,0]}}
,"/home/runner/work/Simulation/Simulation/src/market/market.controller.ts": {"path":"/home/runner/work/Simulation/Simulation/src/market/market.controller.ts","statementMap":{"0":{"start":{"line":1,"column":0},"end":{"line":1,"column":56}},"1":{"start":{"line":2,"column":0},"end":{"line":2,"column":49}},"2":{"start":{"line":5,"column":0},"end":{"line":12,"column":null}},"3":{"start":{"line":6,"column":31},"end":{"line":6,"column":46}},"4":{"start":{"line":9,"column":2},"end":{"line":11,"column":null}},"5":{"start":{"line":5,"column":13},"end":{"line":12,"column":null}},"6":{"start":{"line":5,"column":13},"end":{"line":5,"column":29}}},"fnMap":{"0":{"name":"(anonymous_4)","decl":{"start":{"line":6,"column":2},"end":{"line":6,"column":31}},"loc":{"start":{"line":6,"column":59},"end":{"line":6,"column":63}}},"1":{"name":"(anonymous_5)","decl":{"start":{"line":9,"column":9},"end":{"line":9,"column":23}},"loc":{"start":{"line":9,"column":50},"end":{"line":11,"column":3}}}},"branchMap":{},"s":{"0":0,"1":0,"2":0,"3":0,"4":0,"5":0,"6":0},"f":{"0":0,"1":0},"b":{}}
,"/home/runner/work/Simulation/Simulation/src/market/market.module.ts": {"path":"/home/runner/work/Simulation/Simulation/src/market/market.module.ts","statementMap":{"0":{"start":{"line":1,"column":0},"end":{"line":1,"column":40}},"1":{"start":{"line":2,"column":0},"end":{"line":2,"column":64}},"2":{"start":{"line":3,"column":0},"end":{"line":3,"column":55}},"3":{"start":{"line":4,"column":0},"end":{"line":4,"column":49}},"4":{"start":{"line":11,"column":0},"end":{"line":11,"column":null}},"5":{"start":{"line":11,"column":13},"end":{"line":11,"column":null}},"6":{"start":{"line":11,"column":13},"end":{"line":11,"column":25}}},"fnMap":{},"branchMap":{},"s":{"0":0,"1":0,"2":0,"3":0,"4":0,"5":0,"6":0},"f":{},"b":{}}
,"/home/runner/work/Simulation/Simulation/src/market/market.service.ts": {"path":"/home/runner/work/Simulation/Simulation/src/market/market.service.ts","statementMap":{"0":{"start":{"line":1,"column":0},"end":{"line":1,"column":79}},"1":{"start":{"line":2,"column":0},"end":{"line":2,"column":47}},"2":{"start":{"line":3,"column":0},"end":{"line":3,"column":58}},"3":{"start":{"line":4,"column":0},"end":{"line":4,"column":36}},"4":{"start":{"line":5,"column":0},"end":{"line":5,"column":63}},"5":{"start":{"line":7,"column":0},"end":{"line":7,"column":null}},"6":{"start":{"line":8,"column":2},"end":{"line":8,"column":null}},"7":{"start":{"line":9,"column":2},"end":{"line":9,"column":null}},"8":{"start":{"line":29,"column":0},"end":{"line":94,"column":null}},"9":{"start":{"line":35,"column":21},"end":{"line":35,"column":36}},"10":{"start":{"line":36,"column":21},"end":{"line":36,"column":38}},"11":{"start":{"line":30,"column":10},"end":{"line":30,"column":66}},"12":{"start":{"line":31,"column":9},"end":{"line":31,"column":57}},"13":{"start":{"line":38,"column":4},"end":{"line":40,"column":6}},"14":{"start":{"line":39,"column":6},"end":{"line":39,"column":38}},"15":{"start":{"line":44,"column":4},"end":{"line":44,"column":43}},"16":{"start":{"line":48,"column":4},"end":{"line":48,"column":57}},"17":{"start":{"line":52,"column":18},"end":{"line":52,"column":58}},"18":{"start":{"line":53,"column":4},"end":{"line":53,"column":47}},"19":{"start":{"line":57,"column":4},"end":{"line":59,"column":null}},"20":{"start":{"line":58,"column":6},"end":{"line":58,"column":62}},"21":{"start":{"line":61,"column":18},"end":{"line":61,"column":48}},"22":{"start":{"line":63,"column":4},"end":{"line":65,"column":null}},"23":{"start":{"line":64,"column":6},"end":{"line":64,"column":13}},"24":{"start":{"line":67,"column":4},"end":{"line":69,"column":null}},"25":{"start":{"line":68,"column":6},"end":{"line":68,"column":32}},"26":{"start":{"line":71,"column":4},"end":{"line":71,"column":38}},"27":{"start":{"line":76,"column":4},"end":{"line":76,"column":73}},"28":{"start":{"line":85,"column":16},"end":{"line":85,"column":77}},"29":{"start":{"line":87,"column":4},"end":{"line":89,"column":null}},"30":{"start":{"line":88,"column":6},"end":{"line":88,"column":38}},"31":{"start":{"line":91,"column":25},"end":{"line":91,"column":52}},"32":{"start":{"line":92,"column":4},"end":{"line":92,"column":11}},"33":{"start":{"line":29,"column":13},"end":{"line":94,"column":null}},"34":{"start":{"line":29,"column":13},"end":{"line":29,"column":26}}},"fnMap":{"0":{"name":"(anonymous_2)","decl":{"start":{"line":7,"column":0},"end":{"line":7,"column":12}},"loc":{"start":{"line":7,"column":21},"end":{"line":10,"column":1}}},"1":{"name":"(anonymous_3)","decl":{"start":{"line":34,"column":2},"end":{"line":34,"column":null}},"loc":{"start":{"line":36,"column":53},"end":{"line":41,"column":3}}},"2":{"name":"(anonymous_4)","decl":{"start":{"line":38,"column":56},"end":{"line":38,"column":59}},"loc":{"start":{"line":39,"column":6},"end":{"line":39,"column":38}}},"3":{"name":"(anonymous_5)","decl":{"start":{"line":43,"column":2},"end":{"line":43,"column":27}},"loc":{"start":{"line":43,"column":27},"end":{"line":45,"column":3}}},"4":{"name":"(anonymous_6)","decl":{"start":{"line":47,"column":2},"end":{"line":47,"column":6}},"loc":{"start":{"line":47,"column":28},"end":{"line":49,"column":3}}},"5":{"name":"(anonymous_7)","decl":{"start":{"line":51,"column":10},"end":{"line":51,"column":15}},"loc":{"start":{"line":51,"column":41},"end":{"line":54,"column":3}}},"6":{"name":"(anonymous_8)","decl":{"start":{"line":56,"column":9},"end":{"line":56,"column":24}},"loc":{"start":{"line":56,"column":42},"end":{"line":72,"column":3}}},"7":{"name":"(anonymous_9)","decl":{"start":{"line":74,"column":10},"end":{"line":74,"column":27}},"loc":{"start":{"line":74,"column":45},"end":{"line":77,"column":3}}},"8":{"name":"(anonymous_10)","decl":{"start":{"line":84,"column":9},"end":{"line":84,"column":14}},"loc":{"start":{"line":84,"column":57},"end":{"line":93,"column":3}}}},"branchMap":{"0":{"loc":{"start":{"line":7,"column":12},"end":{"line":7,"column":21}},"type":"binary-expr","locations":[{"start":{"line":7,"column":12},"end":{"line":7,"column":21}},{"start":{"line":7,"column":12},"end":{"line":7,"column":null}}]},"1":{"loc":{"start":{"line":57,"column":4},"end":{"line":59,"column":null}},"type":"if","locations":[{"start":{"line":57,"column":4},"end":{"line":59,"column":null}},{"start":{"line":57,"column":4},"end":{"line":59,"column":null}}]},"2":{"loc":{"start":{"line":63,"column":4},"end":{"line":65,"column":null}},"type":"if","locations":[{"start":{"line":63,"column":4},"end":{"line":65,"column":null}},{"start":{"line":63,"column":4},"end":{"line":65,"column":null}}]},"3":{"loc":{"start":{"line":63,"column":31},"end":{"line":63,"column":33}},"type":"cond-expr","locations":[{"start":{"line":63,"column":31},"end":{"line":63,"column":33}},{"start":{"line":63,"column":31},"end":{"line":63,"column":39}}]},"4":{"loc":{"start":{"line":63,"column":9},"end":{"line":63,"column":33}},"type":"binary-expr","locations":[{"start":{"line":63,"column":9},"end":{"line":63,"column":33}},{"start":{"line":63,"column":31},"end":{"line":63,"column":33}}]},"5":{"loc":{"start":{"line":87,"column":4},"end":{"line":89,"column":null}},"type":"if","locations":[{"start":{"line":87,"column":4},"end":{"line":89,"column":null}},{"start":{"line":87,"column":4},"end":{"line":89,"column":null}}]},"6":{"loc":{"start":{"line":87,"column":30},"end":{"line":87,"column":32}},"type":"cond-expr","locations":[{"start":{"line":87,"column":30},"end":{"line":87,"column":32}},{"start":{"line":87,"column":30},"end":{"line":87,"column":38}}]},"7":{"loc":{"start":{"line":87,"column":8},"end":{"line":87,"column":32}},"type":"binary-expr","locations":[{"start":{"line":87,"column":8},"end":{"line":87,"column":32}},{"start":{"line":87,"column":30},"end":{"line":87,"column":32}}]}},"s":{"0":3,"1":3,"2":3,"3":3,"4":3,"5":3,"6":3,"7":3,"8":3,"9":4,"10":4,"11":4,"12":4,"13":4,"14":0,"15":0,"16":0,"17":0,"18":0,"19":3,"20":1,"21":2,"22":2,"23":0,"24":2,"25":3,"26":2,"27":7,"28":7,"29":7,"30":4,"31":7,"32":7,"33":3,"34":3},"f":{"0":3,"1":4,"2":0,"3":0,"4":0,"5":0,"6":3,"7":7,"8":7},"b":{"0":[3,3],"1":[1,2],"2":[0,2],"3":[0,2],"4":[2,2],"5":[4,3],"6":[0,7],"7":[7,7]}}
,"/home/runner/work/Simulation/Simulation/src/news/news.controller.ts": {"path":"/home/runner/work/Simulation/Simulation/src/news/news.controller.ts","statementMap":{"0":{"start":{"line":1,"column":0},"end":{"line":1,"column":56}},"1":{"start":{"line":2,"column":0},"end":{"line":2,"column":45}},"2":{"start":{"line":5,"column":0},"end":{"line":22,"column":null}},"3":{"start":{"line":6,"column":31},"end":{"line":6,"column":44}},"4":{"start":{"line":10,"column":4},"end":{"line":10,"column":36}},"5":{"start":{"line":15,"column":4},"end":{"line":15,"column":30}},"6":{"start":{"line":20,"column":4},"end":{"line":20,"column":33}},"7":{"start":{"line":9,"column":2},"end":{"line":11,"column":null}},"8":{"start":{"line":14,"column":2},"end":{"line":16,"column":null}},"9":{"start":{"line":19,"column":2},"end":{"line":21,"column":null}},"10":{"start":{"line":5,"column":13},"end":{"line":22,"column":null}},"11":{"start":{"line":5,"column":13},"end":{"line":5,"column":27}}},"fnMap":{"0":{"name":"(anonymous_4)","decl":{"start":{"line":6,"column":2},"end":{"line":6,"column":31}},"loc":{"start":{"line":6,"column":55},"end":{"line":6,"column":59}}},"1":{"name":"(anonymous_5)","decl":{"start":{"line":9,"column":9},"end":{"line":9,"column":17}},"loc":{"start":{"line":9,"column":34},"end":{"line":11,"column":3}}},"2":{"name":"(anonymous_6)","decl":{"start":{"line":14,"column":9},"end":{"line":14,"column":15}},"loc":{"start":{"line":14,"column":15},"end":{"line":16,"column":3}}},"3":{"name":"(anonymous_7)","decl":{"start":{"line":19,"column":9},"end":{"line":19,"column":18}},"loc":{"start":{"line":19,"column":18},"end":{"line":21,"column":3}}}},"branchMap":{},"s":{"0":1,"1":1,"2":1,"3":1,"4":0,"5":0,"6":0,"7":1,"8":1,"9":1,"10":1,"11":1},"f":{"0":1,"1":0,"2":0,"3":0},"b":{}}
,"/home/runner/work/Simulation/Simulation/src/news/news.module.ts": {"path":"/home/runner/work/Simulation/Simulation/src/news/news.module.ts","statementMap":{"0":{"start":{"line":1,"column":0},"end":{"line":1,"column":40}},"1":{"start":{"line":2,"column":0},"end":{"line":2,"column":45}},"2":{"start":{"line":3,"column":0},"end":{"line":3,"column":51}},"3":{"start":{"line":9,"column":0},"end":{"line":9,"column":null}},"4":{"start":{"line":9,"column":13},"end":{"line":9,"column":null}},"5":{"start":{"line":9,"column":13},"end":{"line":9,"column":23}}},"fnMap":{},"branchMap":{},"s":{"0":0,"1":0,"2":0,"3":0,"4":0,"5":0},"f":{},"b":{}}
,"/home/runner/work/Simulation/Simulation/src/news/news.service.ts": {"path":"/home/runner/work/Simulation/Simulation/src/news/news.service.ts","statementMap":{"0":{"start":{"line":1,"column":0},"end":{"line":1,"column":44}},"1":{"start":{"line":2,"column":0},"end":{"line":2,"column":28}},"2":{"start":{"line":3,"column":0},"end":{"line":3,"column":35}},"3":{"start":{"line":4,"column":0},"end":{"line":4,"column":38}},"4":{"start":{"line":6,"column":16},"end":{"line":6,"column":77}},"5":{"start":{"line":8,"column":19},"end":{"line":8,"column":76}},"6":{"start":{"line":9,"column":22},"end":{"line":10,"column":null}},"7":{"start":{"line":14,"column":0},"end":{"line":26,"column":null}},"8":{"start":{"line":16,"column":4},"end":{"line":16,"column":44}},"9":{"start":{"line":20,"column":4},"end":{"line":20,"column":48}},"10":{"start":{"line":24,"column":4},"end":{"line":24,"column":51}},"11":{"start":{"line":14,"column":13},"end":{"line":26,"column":null}},"12":{"start":{"line":14,"column":13},"end":{"line":14,"column":24}}},"fnMap":{"0":{"name":"(anonymous_1)","decl":{"start":{"line":15,"column":9},"end":{"line":15,"column":17}},"loc":{"start":{"line":15,"column":30},"end":{"line":17,"column":3}}},"1":{"name":"(anonymous_2)","decl":{"start":{"line":19,"column":9},"end":{"line":19,"column":15}},"loc":{"start":{"line":19,"column":15},"end":{"line":21,"column":3}}},"2":{"name":"(anonymous_3)","decl":{"start":{"line":23,"column":9},"end":{"line":23,"column":18}},"loc":{"start":{"line":23,"column":18},"end":{"line":25,"column":3}}}},"branchMap":{},"s":{"0":2,"1":2,"2":2,"3":2,"4":2,"5":2,"6":2,"7":2,"8":0,"9":0,"10":0,"11":2,"12":2},"f":{"0":0,"1":0,"2":0},"b":{}}
}
